goh_vote_md/build/app/intermediates/manifest_merge_blame_file/debug/processDebugMainManifest/manifest-merger-blame-debug-report.txt
1<?xml version="1.0" encoding="utf-8"?>
2<manifest xmlns:android="http://schemas.android.com/apk/res/android"
3    package="com.example.goh_vote_md"
4    android:versionCode="1"
5    android:versionName="1.0.0" >
6
7    <uses-sdk
8        android:minSdkVersion="21"
9        android:targetSdkVersion="35" />
10    <!--
11         The INTERNET permission is required for development. Specifically,
12         the Flutter tool needs it to communicate with the running application
13         to allow setting breakpoints, to provide hot reload, etc.
14    -->
15    <uses-permission android:name="android.permission.INTERNET" />
15-->src/main/AndroidManifest.xml:2:1-62
15-->src/main/AndroidManifest.xml:2:18-60
16    <!--
17     Required to query activities that can process text, see:
18         https://developer.android.com/training/package-visibility and
19         https://developer.android.com/reference/android/content/Intent#ACTION_PROCESS_TEXT.
20
21         In particular, this is used by the Flutter engine in io.flutter.plugin.text.ProcessTextPlugin.
22    -->
23    <queries>
23-->src/main/AndroidManifest.xml:40:5-45:15
24        <intent>
24-->src/main/AndroidManifest.xml:41:9-44:18
25            <action android:name="android.intent.action.PROCESS_TEXT" />
25-->src/main/AndroidManifest.xml:42:13-72
25-->src/main/AndroidManifest.xml:42:21-70
26
27            <data android:mimeType="text/plain" />
27-->src/main/AndroidManifest.xml:43:13-50
27-->src/main/AndroidManifest.xml:43:19-48
28        </intent>
29    </queries>
30
31    <permission
31-->[androidx.core:core:1.16.0] AndroidManifest.xml:22:5-24:47
32        android:name="com.example.goh_vote_md.DYNAMIC_RECEIVER_NOT_EXPORTED_PERMISSION"
32-->[androidx.core:core:1.16.0] AndroidManifest.xml:23:9-81
33        android:protectionLevel="signature" />
33-->[androidx.core:core:1.16.0] AndroidManifest.xml:24:9-44
34
35    <uses-permission android:name="com.example.goh_vote_md.DYNAMIC_RECEIVER_NOT_EXPORTED_PERMISSION" />
35-->[androidx.core:core:1.16.0] AndroidManifest.xml:26:5-97
35-->[androidx.core:core:1.16.0] AndroidManifest.xml:26:22-94
36
37    <application
38        android:name="android.app.Application"
39        android:appComponentFactory="androidx.core.app.CoreComponentFactory"
39-->[androidx.core:core:1.16.0] AndroidManifest.xml:28:18-86
40        android:debuggable="true"
41        android:extractNativeLibs="true"
42        android:icon="@mipmap/ic_launcher"
43        android:label="goh_vote_md" >
44        <activity
45            android:name="com.example.goh_vote_md.MainActivity"
46            android:configChanges="orientation|keyboardHidden|keyboard|screenSize|smallestScreenSize|locale|layoutDirection|fontScale|screenLayout|density|uiMode"
47            android:exported="true"
48            android:hardwareAccelerated="true"
49            android:launchMode="singleTop"
50            android:taskAffinity=""
51            android:theme="@style/LaunchTheme"
52            android:windowSoftInputMode="adjustResize" >
53
54            <!--
55                 Specifies an Android theme to apply to this Activity as soon as
56                 the Android process has started. This theme is visible to the user
57                 while the Flutter UI initializes. After that, this theme continues
58                 to determine the Window background behind the Flutter UI.
59            -->
60            <meta-data
61                android:name="io.flutter.embedding.android.NormalTheme"
62                android:resource="@style/NormalTheme" />
63
64            <intent-filter>
65                <action android:name="android.intent.action.MAIN" />
66
67                <category android:name="android.intent.category.LAUNCHER" />
68            </intent-filter>
69        </activity>
70        <!--
71             Don't delete the meta-data below.
72             This is used by the Flutter tool to generate GeneratedPluginRegistrant.java
73        -->
74        <meta-data
75            android:name="flutterEmbedding"
76            android:value="2" />
77
78        <service
78-->[:geolocator_android] AndroidManifest.xml:8:9-12:56
79            android:name="com.baseflow.geolocator.GeolocatorLocationService"
79-->[:geolocator_android] AndroidManifest.xml:9:13-77
80            android:enabled="true"
80-->[:geolocator_android] AndroidManifest.xml:10:13-35
81            android:exported="false"
81-->[:geolocator_android] AndroidManifest.xml:11:13-37
82            android:foregroundServiceType="location" />
82-->[:geolocator_android] AndroidManifest.xml:12:13-53
83
84        <activity
84-->[:url_launcher_android] AndroidManifest.xml:8:9-11:74
85            android:name="io.flutter.plugins.urllauncher.WebViewActivity"
85-->[:url_launcher_android] AndroidManifest.xml:9:13-74
86            android:exported="false"
86-->[:url_launcher_android] AndroidManifest.xml:10:13-37
87            android:theme="@android:style/Theme.NoTitleBar.Fullscreen" />
87-->[:url_launcher_android] AndroidManifest.xml:11:13-71
88
89        <uses-library
89-->[androidx.window:window:1.2.0] AndroidManifest.xml:23:9-25:40
90            android:name="androidx.window.extensions"
90-->[androidx.window:window:1.2.0] AndroidManifest.xml:24:13-54
91            android:required="false" />
91-->[androidx.window:window:1.2.0] AndroidManifest.xml:25:13-37
92        <uses-library
92-->[androidx.window:window:1.2.0] AndroidManifest.xml:26:9-28:40
93            android:name="androidx.window.sidecar"
93-->[androidx.window:window:1.2.0] AndroidManifest.xml:27:13-51
94            android:required="false" />
94-->[androidx.window:window:1.2.0] AndroidManifest.xml:28:13-37
95
96        <activity
96-->[com.google.android.gms:play-services-base:18.3.0] AndroidManifest.xml:20:9-22:45
97            android:name="com.google.android.gms.common.api.GoogleApiActivity"
97-->[com.google.android.gms:play-services-base:18.3.0] AndroidManifest.xml:20:19-85
98            android:exported="false"
98-->[com.google.android.gms:play-services-base:18.3.0] AndroidManifest.xml:22:19-43
99            android:theme="@android:style/Theme.Translucent.NoTitleBar" />
99-->[com.google.android.gms:play-services-base:18.3.0] AndroidManifest.xml:21:19-78
100
101        <meta-data
101-->[com.google.android.gms:play-services-basement:18.3.0] AndroidManifest.xml:21:9-23:69
102            android:name="com.google.android.gms.version"
102-->[com.google.android.gms:play-services-basement:18.3.0] AndroidManifest.xml:22:13-58
103            android:value="@integer/google_play_services_version" />
103-->[com.google.android.gms:play-services-basement:18.3.0] AndroidManifest.xml:23:13-66
104
105        <provider
105-->[androidx.lifecycle:lifecycle-process:2.7.0] AndroidManifest.xml:24:9-32:20
106            android:name="androidx.startup.InitializationProvider"
106-->[androidx.lifecycle:lifecycle-process:2.7.0] AndroidManifest.xml:25:13-67
107            android:authorities="com.example.goh_vote_md.androidx-startup"
107-->[androidx.lifecycle:lifecycle-process:2.7.0] AndroidManifest.xml:26:13-68
108            android:exported="false" >
108-->[androidx.lifecycle:lifecycle-process:2.7.0] AndroidManifest.xml:27:13-37
109            <meta-data
109-->[androidx.lifecycle:lifecycle-process:2.7.0] AndroidManifest.xml:29:13-31:52
110                android:name="androidx.lifecycle.ProcessLifecycleInitializer"
110-->[androidx.lifecycle:lifecycle-process:2.7.0] AndroidManifest.xml:30:17-78
111                android:value="androidx.startup" />
111-->[androidx.lifecycle:lifecycle-process:2.7.0] AndroidManifest.xml:31:17-49
112            <meta-data
112-->[androidx.profileinstaller:profileinstaller:1.3.1] AndroidManifest.xml:29:13-31:52
113                android:name="androidx.profileinstaller.ProfileInstallerInitializer"
113-->[androidx.profileinstaller:profileinstaller:1.3.1] AndroidManifest.xml:30:17-85
114                android:value="androidx.startup" />
114-->[androidx.profileinstaller:profileinstaller:1.3.1] AndroidManifest.xml:31:17-49
115        </provider>
116
117        <receiver
117-->[androidx.profileinstaller:profileinstaller:1.3.1] AndroidManifest.xml:34:9-52:20
118            android:name="androidx.profileinstaller.ProfileInstallReceiver"
118-->[androidx.profileinstaller:profileinstaller:1.3.1] AndroidManifest.xml:35:13-76
119            android:directBootAware="false"
119-->[androidx.profileinstaller:profileinstaller:1.3.1] AndroidManifest.xml:36:13-44
120            android:enabled="true"
120-->[androidx.profileinstaller:profileinstaller:1.3.1] AndroidManifest.xml:37:13-35
121            android:exported="true"
121-->[androidx.profileinstaller:profileinstaller:1.3.1] AndroidManifest.xml:38:13-36
122            android:permission="android.permission.DUMP" >
122-->[androidx.profileinstaller:profileinstaller:1.3.1] AndroidManifest.xml:39:13-57
123            <intent-filter>
123-->[androidx.profileinstaller:profileinstaller:1.3.1] AndroidManifest.xml:40:13-42:29
124                <action android:name="androidx.profileinstaller.action.INSTALL_PROFILE" />
124-->[androidx.profileinstaller:profileinstaller:1.3.1] AndroidManifest.xml:41:17-91
124-->[androidx.profileinstaller:profileinstaller:1.3.1] AndroidManifest.xml:41:25-88
125            </intent-filter>
126            <intent-filter>
126-->[androidx.profileinstaller:profileinstaller:1.3.1] AndroidManifest.xml:43:13-45:29
127                <action android:name="androidx.profileinstaller.action.SKIP_FILE" />
127-->[androidx.profileinstaller:profileinstaller:1.3.1] AndroidManifest.xml:44:17-85
127-->[androidx.profileinstaller:profileinstaller:1.3.1] AndroidManifest.xml:44:25-82
128            </intent-filter>
129            <intent-filter>
129-->[androidx.profileinstaller:profileinstaller:1.3.1] AndroidManifest.xml:46:13-48:29
130                <action android:name="androidx.profileinstaller.action.SAVE_PROFILE" />
130-->[androidx.profileinstaller:profileinstaller:1.3.1] AndroidManifest.xml:47:17-88
130-->[androidx.profileinstaller:profileinstaller:1.3.1] AndroidManifest.xml:47:25-85
131            </intent-filter>
132            <intent-filter>
132-->[androidx.profileinstaller:profileinstaller:1.3.1] AndroidManifest.xml:49:13-51:29
133                <action android:name="androidx.profileinstaller.action.BENCHMARK_OPERATION" />
133-->[androidx.profileinstaller:profileinstaller:1.3.1] AndroidManifest.xml:50:17-95
133-->[androidx.profileinstaller:profileinstaller:1.3.1] AndroidManifest.xml:50:25-92
134            </intent-filter>
135        </receiver>
136    </application>
137
138</manifest>